# JRE version: OpenJDK Runtime Environment (8.0_212-b04) (build 1.8.0_212-release-1586-b04)
# Java VM: OpenJDK 64-Bit Server VM (25.212-b04 mixed mode windows-amd64 compressed oops)
Heap:
 PSYoungGen      total 247808K, used 57154K [0x00000000e0000000, 0x00000000f0d00000, 0x0000000100000000)
  eden space 221184K, 18% used [0x00000000e0000000,0x00000000e2746000,0x00000000ed800000)
  from space 26624K, 63% used [0x00000000ef280000,0x00000000f030ab88,0x00000000f0c80000)
  to   space 27136K, 0% used [0x00000000ed800000,0x00000000ed800000,0x00000000ef280000)
 ParOldGen       total 130048K, used 59809K [0x00000000a0000000, 0x00000000a7f00000, 0x00000000e0000000)
  object space 130048K, 45% used [0x00000000a0000000,0x00000000a3a68640,0x00000000a7f00000)
 Metaspace       used 106041K, capacity 111552K, committed 111872K, reserved 1146880K
  class space    used 13658K, capacity 14783K, committed 14848K, reserved 1048576K
GC Heap History (10 events):
Event: 6371.620 GC heap before
{Heap before GC invocations=34 (full 4):
 PSYoungGen      total 193536K, used 181688K [0x00000000e0000000, 0x00000000ee280000, 0x0000000100000000)
  eden space 169984K, 100% used [0x00000000e0000000,0x00000000ea600000,0x00000000ea600000)
  from space 23552K, 49% used [0x00000000ea600000,0x00000000eb16e338,0x00000000ebd00000)
  to   space 23040K, 0% used [0x00000000ecc00000,0x00000000ecc00000,0x00000000ee280000)
 ParOldGen       total 130048K, used 56809K [0x00000000a0000000, 0x00000000a7f00000, 0x00000000e0000000)
  object space 130048K, 43% used [0x00000000a0000000,0x00000000a377a580,0x00000000a7f00000)
 Metaspace       used 98368K, capacity 102554K, committed 102912K, reserved 1138688K
  class space    used 12806K, capacity 13680K, committed 13824K, reserved 1048576K
Event: 6378.739 GC heap after
Heap after GC invocations=34 (full 4):
 PSYoungGen      total 205824K, used 4096K [0x00000000e0000000, 0x00000000ee080000, 0x0000000100000000)
  eden space 184832K, 0% used [0x00000000e0000000,0x00000000e0000000,0x00000000eb480000)
  from space 20992K, 19% used [0x00000000ecc00000,0x00000000ed000040,0x00000000ee080000)
  to   space 22528K, 0% used [0x00000000eb480000,0x00000000eb480000,0x00000000eca80000)
 ParOldGen       total 130048K, used 56817K [0x00000000a0000000, 0x00000000a7f00000, 0x00000000e0000000)
  object space 130048K, 43% used [0x00000000a0000000,0x00000000a377c580,0x00000000a7f00000)
 Metaspace       used 98368K, capacity 102554K, committed 102912K, reserved 1138688K
  class space    used 12806K, capacity 13680K, committed 13824K, reserved 1048576K
}
Event: 13934.530 GC heap before
{Heap before GC invocations=35 (full 4):
 PSYoungGen      total 205824K, used 188928K [0x00000000e0000000, 0x00000000ee080000, 0x0000000100000000)
  eden space 184832K, 100% used [0x00000000e0000000,0x00000000eb480000,0x00000000eb480000)
  from space 20992K, 19% used [0x00000000ecc00000,0x00000000ed000040,0x00000000ee080000)
  to   space 22528K, 0% used [0x00000000eb480000,0x00000000eb480000,0x00000000eca80000)
 ParOldGen       total 130048K, used 56817K [0x00000000a0000000, 0x00000000a7f00000, 0x00000000e0000000)
  object space 130048K, 43% used [0x00000000a0000000,0x00000000a377c580,0x00000000a7f00000)
 Metaspace       used 99293K, capacity 103790K, committed 104064K, reserved 1138688K
  class space    used 12903K, capacity 13832K, committed 13952K, reserved 1048576K
Event: 13936.446 GC heap after
Heap after GC invocations=35 (full 4):
 PSYoungGen      total 207360K, used 11075K [0x00000000e0000000, 0x00000000eec80000, 0x0000000100000000)
  eden space 184832K, 0% used [0x00000000e0000000,0x00000000e0000000,0x00000000eb480000)
  from space 22528K, 49% used [0x00000000eb480000,0x00000000ebf50de8,0x00000000eca80000)
  to   space 22016K, 0% used [0x00000000ed700000,0x00000000ed700000,0x00000000eec80000)
 ParOldGen       total 130048K, used 56825K [0x00000000a0000000, 0x00000000a7f00000, 0x00000000e0000000)
  object space 130048K, 43% used [0x00000000a0000000,0x00000000a377e580,0x00000000a7f00000)
 Metaspace       used 99293K, capacity 103790K, committed 104064K, reserved 1138688K
  class space    used 12903K, capacity 13832K, committed 13952K, reserved 1048576K
}
Event: 13977.884 GC heap before
{Heap before GC invocations=36 (full 4):
 PSYoungGen      total 207360K, used 195907K [0x00000000e0000000, 0x00000000eec80000, 0x0000000100000000)
  eden space 184832K, 100% used [0x00000000e0000000,0x00000000eb480000,0x00000000eb480000)
  from space 22528K, 49% used [0x00000000eb480000,0x00000000ebf50de8,0x00000000eca80000)
  to   space 22016K, 0% used [0x00000000ed700000,0x00000000ed700000,0x00000000eec80000)
 ParOldGen       total 130048K, used 56825K [0x00000000a0000000, 0x00000000a7f00000, 0x00000000e0000000)
  object space 130048K, 43% used [0x00000000a0000000,0x00000000a377e580,0x00000000a7f00000)
 Metaspace       used 104259K, capacity 109054K, committed 109184K, reserved 1144832K
  class space    used 13479K, capacity 14443K, committed 14464K, reserved 1048576K
Event: 13982.265 GC heap after
Heap after GC invocations=36 (full 4):
 PSYoungGen      total 217600K, used 19661K [0x00000000e0000000, 0x00000000f0500000, 0x0000000100000000)
  eden space 195584K, 0% used [0x00000000e0000000,0x00000000e0000000,0x00000000ebf00000)
  from space 22016K, 89% used [0x00000000ed700000,0x00000000eea334f0,0x00000000eec80000)
  to   space 24576K, 0% used [0x00000000ebf00000,0x00000000ebf00000,0x00000000ed700000)
 ParOldGen       total 130048K, used 56833K [0x00000000a0000000, 0x00000000a7f00000, 0x00000000e0000000)
  object space 130048K, 43% used [0x00000000a0000000,0x00000000a3780580,0x00000000a7f00000)
 Metaspace       used 104259K, capacity 109054K, committed 109184K, reserved 1144832K
  class space    used 13479K, capacity 14443K, committed 14464K, reserved 1048576K
}
Event: 17772.261 GC heap before
{Heap before GC invocations=37 (full 4):
 PSYoungGen      total 217600K, used 215245K [0x00000000e0000000, 0x00000000f0500000, 0x0000000100000000)
  eden space 195584K, 100% used [0x00000000e0000000,0x00000000ebf00000,0x00000000ebf00000)
  from space 22016K, 89% used [0x00000000ed700000,0x00000000eea334f0,0x00000000eec80000)
  to   space 24576K, 0% used [0x00000000ebf00000,0x00000000ebf00000,0x00000000ed700000)
 ParOldGen       total 130048K, used 56833K [0x00000000a0000000, 0x00000000a7f00000, 0x00000000e0000000)
  object space 130048K, 43% used [0x00000000a0000000,0x00000000a3780580,0x00000000a7f00000)
 Metaspace       used 105664K, capacity 111132K, committed 111360K, reserved 1146880K
  class space    used 13649K, capacity 14777K, committed 14848K, reserved 1048576K
Event: 17780.901 GC heap after
Heap after GC invocations=37 (full 4):
 PSYoungGen      total 220160K, used 20260K [0x00000000e0000000, 0x00000000f0c80000, 0x0000000100000000)
  eden space 195584K, 0% used [0x00000000e0000000,0x00000000e0000000,0x00000000ebf00000)
  from space 24576K, 82% used [0x00000000ebf00000,0x00000000ed2c9140,0x00000000ed700000)
  to   space 26624K, 0% used [0x00000000ef280000,0x00000000ef280000,0x00000000f0c80000)
 ParOldGen       total 130048K, used 57825K [0x00000000a0000000, 0x00000000a7f00000, 0x00000000e0000000)
  object space 130048K, 44% used [0x00000000a0000000,0x00000000a38785a0,0x00000000a7f00000)
 Metaspace       used 105664K, capacity 111132K, committed 111360K, reserved 1146880K
  class space    used 13649K, capacity 14777K, committed 14848K, reserved 1048576K
}
Event: 17815.681 GC heap before
{Heap before GC invocations=38 (full 4):
 PSYoungGen      total 220160K, used 215844K [0x00000000e0000000, 0x00000000f0c80000, 0x0000000100000000)
  eden space 195584K, 100% used [0x00000000e0000000,0x00000000ebf00000,0x00000000ebf00000)
  from space 24576K, 82% used [0x00000000ebf00000,0x00000000ed2c9140,0x00000000ed700000)
  to   space 26624K, 0% used [0x00000000ef280000,0x00000000ef280000,0x00000000f0c80000)
 ParOldGen       total 130048K, used 57825K [0x00000000a0000000, 0x00000000a7f00000, 0x00000000e0000000)
  object space 130048K, 44% used [0x00000000a0000000,0x00000000a38785a0,0x00000000a7f00000)
 Metaspace       used 106025K, capacity 111552K, committed 111872K, reserved 1146880K
  class space    used 13657K, capacity 14783K, committed 14848K, reserved 1048576K
Event: 17816.335 GC heap after
Heap after GC invocations=38 (full 4):
 PSYoungGen      total 247808K, used 16938K [0x00000000e0000000, 0x00000000f0d00000, 0x0000000100000000)
  eden space 221184K, 0% used [0x00000000e0000000,0x00000000e0000000,0x00000000ed800000)
  from space 26624K, 63% used [0x00000000ef280000,0x00000000f030ab88,0x00000000f0c80000)
  to   space 27136K, 0% used [0x00000000ed800000,0x00000000ed800000,0x00000000ef280000)
 ParOldGen       total 130048K, used 59809K [0x00000000a0000000, 0x00000000a7f00000, 0x00000000e0000000)
  object space 130048K, 45% used [0x00000000a0000000,0x00000000a3a68640,0x00000000a7f00000)
 Metaspace       used 106025K, capacity 111552K, committed 111872K, reserved 1146880K
  class space    used 13657K, capacity 14783K, committed 14848K, reserved 1048576K
}

